gyp info it worked if it ends with ok
gyp info using node-gyp@12.1.0
gyp info using node@24.13.0 | darwin | arm64
gyp info spawn make
gyp info spawn args [ 'BUILDTYPE=Release', '-C', 'build' ]
  CXX(target) Release/obj.target/oqs_backend/oqs_backend.o
../oqs_backend.cc:1:10: fatal error: 'napi.h' file not found
    1 | #include <napi.h>
      |          ^~~~~~~~
1 error generated.
make: *** [Release/obj.target/oqs_backend/oqs_backend.o] Error 1
gyp ERR! build error 
gyp ERR! stack Error: `make` failed with exit code: 2
gyp ERR! stack at ChildProcess.<anonymous> (/Users/cforsyth/unfracta-sdk/node_modules/.pnpm/node-gyp@12.1.0/node_modules/node-gyp/lib/build.js:219:23)
gyp ERR! System Darwin 24.6.0
gyp ERR! command "/usr/local/bin/node" "/Users/cforsyth/unfracta-sdk/node_modules/.pnpm/node-gyp@12.1.0/node_modules/node-gyp/bin/node-gyp.js" "build"
gyp ERR! cwd /Users/cforsyth/unfracta-sdk/native/oqs
gyp ERR! node -v v24.13.0
gyp ERR! node-gyp -v v12.1.0
gyp ERR! not ok 
